<?xml version="1.0" encoding="UTF-8"?>
<!-- Generated by org.testng.reporters.JUnitReportReporter -->
<testsuite hostname="DESKTOP-RRGIG12" failures="0" tests="1" name="TestDemoqaUpload" time="9.369" errors="0" timestamp="2024-08-24T17:54:41 TRT" skipped="0">
  <testcase classname="TestDemoqaUpload" name="test01" time="9.369"/>
  <system-out/>
</testsuite> <!-- TestDemoqaUpload -->
